2022-05-20 15:53:18,325 - main.py[line:291] - INFO: 下单接口响应数据{'success': False, 'code': 1, 'msg': '参数错误', 'data': {'station_id': '5e8c30a826c3d175768b456e', 'tradeTag': 'PARAM', 'pop_up_tips_type': 0}, 'tradeTag': 'PARAM', 'server_time': 1653033198, 'is_trade': 1}
2022-05-20 15:53:18,325 - main.py[line:301] - INFO: ---未成功---
2022-05-20 15:53:18,515 - main.py[line:291] - INFO: 下单接口响应数据{'success': False, 'code': 1, 'msg': '参数错误', 'data': {'station_id': '5e8c30a826c3d175768b456e', 'tradeTag': 'PARAM', 'pop_up_tips_type': 0}, 'tradeTag': 'PARAM', 'server_time': 1653033198, 'is_trade': 1}
2022-05-20 15:53:18,515 - main.py[line:301] - INFO: ---未成功---
2022-05-20 15:53:18,716 - main.py[line:291] - INFO: 下单接口响应数据{'success': False, 'code': 1, 'msg': '参数错误', 'data': {'station_id': '5e8c30a826c3d175768b456e', 'tradeTag': 'PARAM', 'pop_up_tips_type': 0}, 'tradeTag': 'PARAM', 'server_time': 1653033198, 'is_trade': 1}
2022-05-20 15:53:18,717 - main.py[line:301] - INFO: ---未成功---
2022-05-20 15:53:18,905 - main.py[line:291] - INFO: 下单接口响应数据{'success': False, 'code': 1, 'msg': '参数错误', 'data': {'station_id': '5e8c30a826c3d175768b456e', 'tradeTag': 'PARAM', 'pop_up_tips_type': 0}, 'tradeTag': 'PARAM', 'server_time': 1653033198, 'is_trade': 1}
2022-05-20 15:53:18,905 - main.py[line:301] - INFO: ---未成功---
2022-05-20 15:53:19,091 - main.py[line:291] - INFO: 下单接口响应数据{'success': False, 'code': 1, 'msg': '参数错误', 'data': {'station_id': '5e8c30a826c3d175768b456e', 'tradeTag': 'PARAM', 'pop_up_tips_type': 0}, 'tradeTag': 'PARAM', 'server_time': 1653033198, 'is_trade': 1}
2022-05-20 15:53:19,091 - main.py[line:301] - INFO: ---未成功---
2022-05-20 15:53:19,802 - main.py[line:291] - INFO: 下单接口响应数据{'success': False, 'code': 1, 'msg': '参数错误', 'data': {'station_id': '5e8c30a826c3d175768b456e', 'tradeTag': 'PARAM', 'pop_up_tips_type': 0}, 'tradeTag': 'PARAM', 'server_time': 1653033199, 'is_trade': 1}
2022-05-20 15:53:19,802 - main.py[line:301] - INFO: ---未成功---
2022-05-20 15:53:20,011 - main.py[line:291] - INFO: 下单接口响应数据{'success': False, 'code': 1, 'msg': '参数错误', 'data': {'station_id': '5e8c30a826c3d175768b456e', 'tradeTag': 'PARAM', 'pop_up_tips_type': 0}, 'tradeTag': 'PARAM', 'server_time': 1653033199, 'is_trade': 1}
2022-05-20 15:53:20,012 - main.py[line:301] - INFO: ---未成功---
2022-05-20 15:53:20,269 - main.py[line:291] - INFO: 下单接口响应数据{'success': False, 'code': 1, 'msg': '参数错误', 'data': {'station_id': '5e8c30a826c3d175768b456e', 'tradeTag': 'PARAM', 'pop_up_tips_type': 0}, 'tradeTag': 'PARAM', 'server_time': 1653033200, 'is_trade': 1}
2022-05-20 15:53:20,269 - main.py[line:301] - INFO: ---未成功---
2022-05-20 15:53:20,463 - main.py[line:291] - INFO: 下单接口响应数据{'success': False, 'code': 1, 'msg': '参数错误', 'data': {'station_id': '5e8c30a826c3d175768b456e', 'tradeTag': 'PARAM', 'pop_up_tips_type': 0}, 'tradeTag': 'PARAM', 'server_time': 1653033200, 'is_trade': 1}
2022-05-20 15:53:20,463 - main.py[line:301] - INFO: ---未成功---
2022-05-20 15:53:20,699 - main.py[line:291] - INFO: 下单接口响应数据{'success': False, 'code': 1, 'msg': '参数错误', 'data': {'station_id': '5e8c30a826c3d175768b456e', 'tradeTag': 'PARAM', 'pop_up_tips_type': 0}, 'tradeTag': 'PARAM', 'server_time': 1653033200, 'is_trade': 1}
2022-05-20 15:53:20,700 - main.py[line:301] - INFO: ---未成功---
2022-05-20 15:53:21,247 - main.py[line:291] - INFO: 下单接口响应数据{'success': False, 'code': 1, 'msg': '参数错误', 'data': {'station_id': '5e8c30a826c3d175768b456e', 'tradeTag': 'PARAM', 'pop_up_tips_type': 0}, 'tradeTag': 'PARAM', 'server_time': 1653033201, 'is_trade': 1}
2022-05-20 15:53:21,247 - main.py[line:301] - INFO: ---未成功---
2022-05-20 15:53:21,446 - main.py[line:291] - INFO: 下单接口响应数据{'success': False, 'code': 1, 'msg': '参数错误', 'data': {'station_id': '5e8c30a826c3d175768b456e', 'tradeTag': 'PARAM', 'pop_up_tips_type': 0}, 'tradeTag': 'PARAM', 'server_time': 1653033201, 'is_trade': 1}
2022-05-20 15:53:21,446 - main.py[line:301] - INFO: ---未成功---
2022-05-20 15:53:21,646 - main.py[line:291] - INFO: 下单接口响应数据{'success': False, 'code': 1, 'msg': '参数错误', 'data': {'station_id': '5e8c30a826c3d175768b456e', 'tradeTag': 'PARAM', 'pop_up_tips_type': 0}, 'tradeTag': 'PARAM', 'server_time': 1653033201, 'is_trade': 1}
2022-05-20 15:53:21,646 - main.py[line:301] - INFO: ---未成功---
2022-05-20 15:53:21,825 - main.py[line:291] - INFO: 下单接口响应数据{'success': False, 'code': 1, 'msg': '参数错误', 'data': {'station_id': '5e8c30a826c3d175768b456e', 'tradeTag': 'PARAM', 'pop_up_tips_type': 0}, 'tradeTag': 'PARAM', 'server_time': 1653033201, 'is_trade': 1}
2022-05-20 15:53:21,825 - main.py[line:301] - INFO: ---未成功---
2022-05-20 15:53:22,046 - main.py[line:291] - INFO: 下单接口响应数据{'success': False, 'code': 1, 'msg': '参数错误', 'data': {'station_id': '5e8c30a826c3d175768b456e', 'tradeTag': 'PARAM', 'pop_up_tips_type': 0}, 'tradeTag': 'PARAM', 'server_time': 1653033201, 'is_trade': 1}
2022-05-20 15:53:22,046 - main.py[line:301] - INFO: ---未成功---
2022-05-20 15:54:30,189 - main.py[line:291] - INFO: 下单接口响应数据{'success': True, 'code': 0, 'msg': 'success', 'data': {'pay_url': 'fail', 'pay_online': True, 'order_number': '2205204525054820812', 'cart_count': 0, 'station_id': '5e8c30a826c3d175768b456e', 'stock_out': {'is_support_merge_payment': 0, 'tradeTag': 'success', 'res_package_datas': [{'package_type': 1, 'package_id': 1, 'front_package_text': '即时配送', 'front_package_type': 0, 'front_package_stock_color': '#2FB157', 'front_package_bg_color': '#fbfefc', 'user_reserved_time_show': None}], 'count_down': 10, 'pop_up_tips_type': 0}, 'event_tracking': {'post_product_algo': '{}'}, 'from_cart': None}, 'tradeTag': 'success', 'server_time': 1653033270, 'is_trade': 1}
2022-05-20 15:54:30,378 - main.py[line:298] - INFO: 抢菜成功！！快去支付
2022-05-20 15:55:13,646 - main.py[line:291] - INFO: 下单接口响应数据{'success': True, 'code': 0, 'msg': 'success', 'data': {'pay_url': '{"timeStamp":"1653033313","package":"prepay_id=wx201555135136265c3224151dce96010000","paySign":"C6B009936BAA2EF9ABE927EE63ABFAA5","appId":"wx0d8f7bbed86a9a04","signType":"MD5","nonceStr":"SODufg6vJhUbs8GUahpKeq09jQmKzGHe"}', 'pay_online': True, 'order_number': '2205204525054820935', 'cart_count': 0, 'station_id': '5e8c30a826c3d175768b456e', 'stock_out': {'is_support_merge_payment': 0, 'tradeTag': 'success', 'res_package_datas': [{'package_type': 1, 'package_id': 1, 'front_package_text': '即时配送', 'front_package_type': 0, 'front_package_stock_color': '#2FB157', 'front_package_bg_color': '#fbfefc', 'user_reserved_time_show': None}], 'count_down': 10, 'pop_up_tips_type': 0}, 'event_tracking': {'post_product_algo': '{}'}, 'from_cart': None}, 'tradeTag': 'success', 'server_time': 1653033313, 'is_trade': 1}
2022-05-20 15:55:13,762 - main.py[line:298] - INFO: 抢菜成功！！快去支付
